2024-Jan-31 18:38:50 [main] INFO  c.p.b.BankIssuerApplication                        - Starting BankIssuerApplication on DESKTOP-3K6987P with PID 11076 (C:\Users\Ivana\Desktop\SEP\bank\bank-issuer\target\classes started by Ivana in C:\Users\Ivana\Desktop\SEP\bank\bank-issuer)
2024-Jan-31 18:38:50 [main] INFO  c.p.b.BankIssuerApplication                        - No active profile set, falling back to default profiles: default
2024-Jan-31 18:38:51 [main] INFO  o.s.d.r.c.RepositoryConfigurationDelegate          - Bootstrapping Spring Data JPA repositories in DEFERRED mode.
2024-Jan-31 18:38:52 [main] INFO  o.s.d.r.c.RepositoryConfigurationDelegate          - Finished Spring Data repository scanning in 117ms. Found 5 JPA repository interfaces.
2024-Jan-31 18:38:52 [main] INFO  o.s.c.s.PostProcessorRegistrationDelegate$BeanPostProcessorChecker - Bean 'org.springframework.ws.config.annotation.DelegatingWsConfiguration' of type [org.springframework.ws.config.annotation.DelegatingWsConfiguration$$EnhancerBySpringCGLIB$$670663ee] is not eligible for getting processed by all BeanPostProcessors (for example: not eligible for auto-proxying)
2024-Jan-31 18:38:52 [main] INFO  o.s.w.s.a.s.AnnotationActionEndpointMapping        - Supporting [WS-Addressing August 2004, WS-Addressing 1.0]
2024-Jan-31 18:38:52 [main] INFO  o.s.b.w.e.t.TomcatWebServer                        - Tomcat initialized with port(s): 8088 (http)
2024-Jan-31 18:38:52 [main] INFO  o.a.c.h.Http11NioProtocol                          - Initializing ProtocolHandler ["http-nio-8088"]
2024-Jan-31 18:38:52 [main] INFO  o.a.c.c.StandardService                            - Starting service [Tomcat]
2024-Jan-31 18:38:52 [main] INFO  o.a.c.c.StandardEngine                             - Starting Servlet engine: [Apache Tomcat/9.0.35]
2024-Jan-31 18:38:52 [main] INFO  o.a.c.c.C.[.[.[/]                                  - Initializing Spring embedded WebApplicationContext
2024-Jan-31 18:38:52 [main] INFO  o.s.w.c.ContextLoader                              - Root WebApplicationContext: initialization completed in 1921 ms
2024-Jan-31 18:38:53 [main] INFO  o.s.s.c.ThreadPoolTaskExecutor                     - Initializing ExecutorService 'applicationTaskExecutor'
2024-Jan-31 18:38:53 [task-1] INFO  o.h.j.i.u.LogHelper                                - HHH000204: Processing PersistenceUnitInfo [name: default]
2024-Jan-31 18:38:53 [main] WARN  o.s.b.a.o.j.JpaBaseConfiguration$JpaWebConfiguration - spring.jpa.open-in-view is enabled by default. Therefore, database queries may be performed during view rendering. Explicitly configure spring.jpa.open-in-view to disable this warning
2024-Jan-31 18:38:53 [task-1] INFO  o.h.Version                                        - HHH000412: Hibernate ORM core version 5.4.15.Final
2024-Jan-31 18:38:53 [task-1] INFO  o.h.a.c.Version                                    - HCANN000001: Hibernate Commons Annotations {5.1.0.Final}
2024-Jan-31 18:38:53 [task-1] INFO  c.z.h.HikariDataSource                             - HikariPool-1 - Starting...
2024-Jan-31 18:38:53 [task-1] INFO  c.z.h.HikariDataSource                             - HikariPool-1 - Start completed.
2024-Jan-31 18:38:53 [task-1] INFO  o.h.d.Dialect                                      - HHH000400: Using dialect: org.hibernate.dialect.PostgreSQL95Dialect
2024-Jan-31 18:38:54 [task-1] WARN  o.h.e.j.s.SqlExceptionHelper                       - SQL Warning Code: 0, SQLState: 00000
2024-Jan-31 18:38:54 [task-1] WARN  o.h.e.j.s.SqlExceptionHelper                       - relation "clients" does not exist, skipping
2024-Jan-31 18:38:54 [task-1] WARN  o.h.e.j.s.SqlExceptionHelper                       - SQL Warning Code: 0, SQLState: 00000
2024-Jan-31 18:38:54 [task-1] WARN  o.h.e.j.s.SqlExceptionHelper                       - relation "credit_cards" does not exist, skipping
2024-Jan-31 18:38:54 [task-1] WARN  o.h.e.j.s.SqlExceptionHelper                       - SQL Warning Code: 0, SQLState: 00000
2024-Jan-31 18:38:54 [task-1] WARN  o.h.e.j.s.SqlExceptionHelper                       - relation "merchants" does not exist, skipping
2024-Jan-31 18:38:54 [task-1] WARN  o.h.e.j.s.SqlExceptionHelper                       - SQL Warning Code: 0, SQLState: 00000
2024-Jan-31 18:38:54 [task-1] WARN  o.h.e.j.s.SqlExceptionHelper                       - relation "transactions" does not exist, skipping
2024-Jan-31 18:38:54 [task-1] WARN  o.h.e.j.s.SqlExceptionHelper                       - SQL Warning Code: 0, SQLState: 00000
2024-Jan-31 18:38:54 [task-1] WARN  o.h.e.j.s.SqlExceptionHelper                       - relation "users" does not exist, skipping
2024-Jan-31 18:38:54 [task-1] WARN  o.h.e.j.s.SqlExceptionHelper                       - SQL Warning Code: 0, SQLState: 00000
2024-Jan-31 18:38:54 [task-1] WARN  o.h.e.j.s.SqlExceptionHelper                       - table "accounts" does not exist, skipping
2024-Jan-31 18:38:54 [task-1] WARN  o.h.e.j.s.SqlExceptionHelper                       - SQL Warning Code: 0, SQLState: 00000
2024-Jan-31 18:38:54 [task-1] WARN  o.h.e.j.s.SqlExceptionHelper                       - table "clients" does not exist, skipping
2024-Jan-31 18:38:54 [task-1] WARN  o.h.e.j.s.SqlExceptionHelper                       - SQL Warning Code: 0, SQLState: 00000
2024-Jan-31 18:38:54 [task-1] WARN  o.h.e.j.s.SqlExceptionHelper                       - table "credit_cards" does not exist, skipping
2024-Jan-31 18:38:54 [task-1] WARN  o.h.e.j.s.SqlExceptionHelper                       - SQL Warning Code: 0, SQLState: 00000
2024-Jan-31 18:38:54 [task-1] WARN  o.h.e.j.s.SqlExceptionHelper                       - table "merchants" does not exist, skipping
2024-Jan-31 18:38:54 [task-1] WARN  o.h.e.j.s.SqlExceptionHelper                       - SQL Warning Code: 0, SQLState: 00000
2024-Jan-31 18:38:54 [task-1] WARN  o.h.e.j.s.SqlExceptionHelper                       - table "transactions" does not exist, skipping
2024-Jan-31 18:38:54 [task-1] WARN  o.h.e.j.s.SqlExceptionHelper                       - SQL Warning Code: 0, SQLState: 00000
2024-Jan-31 18:38:54 [task-1] WARN  o.h.e.j.s.SqlExceptionHelper                       - table "users" does not exist, skipping
2024-Jan-31 18:38:54 [task-1] WARN  o.h.e.j.s.SqlExceptionHelper                       - SQL Warning Code: 0, SQLState: 00000
2024-Jan-31 18:38:54 [task-1] WARN  o.h.e.j.s.SqlExceptionHelper                       - sequence "user_seq" does not exist, skipping
2024-Jan-31 18:38:54 [task-1] INFO  o.h.e.t.j.p.i.JtaPlatformInitiator                 - HHH000490: Using JtaPlatform implementation: [org.hibernate.engine.transaction.jta.platform.internal.NoJtaPlatform]
2024-Jan-31 18:38:54 [task-1] INFO  o.s.o.j.LocalContainerEntityManagerFactoryBean     - Initialized JPA EntityManagerFactory for persistence unit 'default'
2024-Jan-31 18:38:54 [main] INFO  o.s.b.a.s.s.UserDetailsServiceAutoConfiguration    - 

Using generated security password: ced6e17a-9d61-48c1-a0f8-708f37cf1205

2024-Jan-31 18:38:54 [main] INFO  o.s.s.w.DefaultSecurityFilterChain                 - Creating filter chain: any request, [org.springframework.security.web.context.request.async.WebAsyncManagerIntegrationFilter@4e614370, org.springframework.security.web.context.SecurityContextPersistenceFilter@2c6aa46c, org.springframework.security.web.header.HeaderWriterFilter@25435731, org.springframework.web.filter.CorsFilter@1e1ea16d, org.springframework.security.web.authentication.logout.LogoutFilter@49ea13b6, org.springframework.security.web.savedrequest.RequestCacheAwareFilter@3ddac0b6, org.springframework.security.web.servletapi.SecurityContextHolderAwareRequestFilter@446a692f, org.springframework.security.web.authentication.AnonymousAuthenticationFilter@6da9541c, org.springframework.security.web.session.SessionManagementFilter@5690c2a8, org.springframework.security.web.access.ExceptionTranslationFilter@788a0513, org.springframework.security.web.access.intercept.FilterSecurityInterceptor@69cc49ec]
2024-Jan-31 18:38:55 [main] INFO  o.s.b.a.e.w.EndpointLinksResolver                  - Exposing 2 endpoint(s) beneath base path '/actuator'
2024-Jan-31 18:38:55 [main] INFO  o.a.c.h.Http11NioProtocol                          - Starting ProtocolHandler ["http-nio-8088"]
2024-Jan-31 18:38:55 [main] INFO  o.s.b.w.e.t.TomcatWebServer                        - Tomcat started on port(s): 8088 (http) with context path ''
2024-Jan-31 18:38:55 [main] INFO  o.s.d.r.c.DeferredRepositoryInitializationListener - Triggering deferred initialization of Spring Data repositories…
2024-Jan-31 18:38:55 [main] INFO  o.s.d.r.c.DeferredRepositoryInitializationListener - Spring Data repositories initialized!
2024-Jan-31 18:38:55 [main] INFO  c.p.b.BankIssuerApplication                        - Started BankIssuerApplication in 5.282 seconds (JVM running for 6.013)
2024-Jan-31 18:38:56 [RMI TCP Connection(3)-192.168.56.1] INFO  o.a.c.c.C.[.[.[/]                                  - Initializing Spring DispatcherServlet 'dispatcherServlet'
2024-Jan-31 18:38:56 [RMI TCP Connection(3)-192.168.56.1] INFO  o.s.w.s.DispatcherServlet                          - Initializing Servlet 'dispatcherServlet'
2024-Jan-31 18:38:56 [RMI TCP Connection(3)-192.168.56.1] INFO  o.s.w.s.DispatcherServlet                          - Completed initialization in 10 ms
2024-Jan-31 18:39:07 [SpringContextShutdownHook] INFO  o.s.o.j.LocalContainerEntityManagerFactoryBean     - Closing JPA EntityManagerFactory for persistence unit 'default'
2024-Jan-31 18:39:07 [SpringContextShutdownHook] INFO  o.h.t.s.i.SchemaDropperImpl$DelayedDropActionImpl  - HHH000477: Starting delayed evictData of schema as part of SessionFactory shut-down'
2024-Jan-31 18:39:07 [SpringContextShutdownHook] INFO  o.s.s.c.ThreadPoolTaskExecutor                     - Shutting down ExecutorService 'applicationTaskExecutor'
2024-Jan-31 18:39:07 [SpringContextShutdownHook] INFO  c.z.h.HikariDataSource                             - HikariPool-1 - Shutdown initiated...
2024-Jan-31 18:39:07 [SpringContextShutdownHook] INFO  c.z.h.HikariDataSource                             - HikariPool-1 - Shutdown completed.
